Oct 10 20:16:55.936 [notice] Tor 0.4.8.12 running on Linux with Libevent 2.1.12-stable, OpenSSL 3.3.2, Zlib 1.3.1, Liblzma 5.6.2, Libzstd 1.5.6 and Glibc 2.40 as libc.
Oct 10 20:16:55.936 [notice] Tor can't help you if you use it wrong! Learn how to be safe at https://support.torproject.org/faq/staying-anonymous/
Oct 10 20:16:55.936 [notice] Read configuration file "/home/renner/special/mac0499-prototype/src/tor/torrc".
Oct 10 20:16:55.937 [warn] Path for DataDirectory (tor/data) is relative and will resolve to /home/renner/special/mac0499-prototype/src/tor/data. Is this what you wanted?
Oct 10 20:16:55.937 [warn] Path for HiddenServiceDir (tor/data/hidden-service) is relative and will resolve to /home/renner/special/mac0499-prototype/src/tor/data/hidden-service. Is this what you wanted?
Oct 10 20:16:55.937 [notice] Opening Socks listener on 127.0.0.1:5876
Oct 10 20:16:55.937 [notice] Opened Socks listener connection (ready) on 127.0.0.1:5876
Oct 10 20:16:55.000 [notice] Parsing GEOIP IPv4 file /usr/share/tor/geoip.
Oct 10 20:16:56.000 [notice] Parsing GEOIP IPv6 file /usr/share/tor/geoip6.
Oct 10 20:16:56.000 [notice] Bootstrapped 0% (starting): Starting
Oct 10 20:16:56.000 [notice] Starting with guard context "default"
Oct 10 20:16:57.000 [notice] Bootstrapped 5% (conn): Connecting to a relay
Oct 10 20:16:57.000 [notice] Bootstrapped 10% (conn_done): Connected to a relay
Oct 10 20:16:57.000 [notice] Bootstrapped 14% (handshake): Handshaking with a relay
Oct 10 20:16:58.000 [notice] Bootstrapped 15% (handshake_done): Handshake with a relay done
Oct 10 20:16:58.000 [notice] Bootstrapped 75% (enough_dirinfo): Loaded enough directory info to build circuits
Oct 10 20:16:58.000 [notice] Bootstrapped 90% (ap_handshake_done): Handshake finished with a relay to build circuits
Oct 10 20:16:58.000 [notice] Bootstrapped 95% (circuit_create): Establishing a Tor circuit
Oct 10 20:16:59.000 [notice] Bootstrapped 100% (done): Done
Oct 10 20:17:05.000 [notice] Interrupt: exiting cleanly.
